JakeGebhartAudioBip
ColorCorrectionBlackmagicPocketCinemaCamera1201507300015C0020
MusicVideo_201803
Pong-finished-2016sept30
Attack.of.the.Killer.Refrigerator.1990.VHSRip.DivX-HeYWooD.avi
worldpeacehaven_gmail_I13
2015-feb-04
Screenshot2016.11.2419.14.55
Screenshot2016.10.3014.53.38Edit2016oct30Exported2016oct30
screenshot2016mar12
Screenshot2017.10.1817.08.04
2015feb13ff
2017mar27Arduino
Liquid-2016-03-14-12-13-47-N-2d303430300a-c5a90ee0-4738-4ce8-b784-544d726c5cae
ScreenShot20151208At01.18.33.23500.0500
MovieOn2017.09.27At16.46.53.75200.0400
ee47a840-3db0-47ae-a3a0-649eac5bc33f-2016.01.11.21.44.11.N.-0500
untitled_20171004_2225
IMG1966_20171027
ScreenShot20160524At02.10.25.09000.0400
4d351cdd-fe54-47d2-99c8-da58f3c7d2ce-2016.01.12.02.41.36.N.-0500
ddtank2-n2-saved-2015feb19a20
Screenshot2016.07.0620.48.34
ScreenShot20151130At01.16.55.29300.0500
GeorgeBergerFlashFiction2016Dec18
ScreenShot20150104At23.49.15.27600.0500
Screenshot2016.07.0814.12.31
Screenshot2016.11.1812.15.07
WallaceELab92017apr03
LetsTryToPlayPerfectWorldInternational
Screenshot2017.05.2600.00.29
ss2016may08
sketch_feb27a
Liquid-1ea93fc8-e73c-48e8-881d-6dc2034b3c00-2016-03-14-10-26-51-N-2d303430300a
ArduinoTutorialSurveyResponses
2016sept16_201610
Screenshot2016.10.3014.19.18
clementine-issue-18nov2013-a.mn.
Screenshot2016.11.2422.33.50
Screenshot2017.01.3118.58.05
Screenshot2017.05.1316.15.59
Screenshot2017.04.0902.00.01
sjh753td_gmail_201311
ilsa_madeleine_lengle_scans_1508
DuchampChessSet
HaveAGoodTime
100000_Web_Images_Plus_Web_Page_Creator_Cosmi_Corporation_1999
SunsetOverTheCity
mac_MacOS_7.0.1_compilation
rest025
Mosbox-Anti
ShadowsOnTheSnow_AThousandWintersAgainstTheWorld_HCR2015
MacOSXServer10.4.7Universal
JasonDeruloVs.CodekoWantToTraceMeHardwellMashUp
HmillerPrismnetWarcBegun9Oct2013.warc
Arcmaj3ClientDevtestingDataAsOf19November2013
MitiSSoundCloudStreamSnapshot3April2014
ilsa_madeleine_lengle_scans_1946
Data-112009
YoungLexSlowFeat.Gamaliel
dbexe3
dbexe2v20
dbexe2
dbexe1v21
dbexe01v20
dbexe01
Data-112009
YoungLexSlowFeat.Gamaliel
TheInternetsOwnBoyTheStoryOfAaronSwartz
fp_How_to_build_a_multimachine
DunyayiKurtaranAdam
TETRISPK
TanachVarda_201902
LoopingStarFieldNoBackgroundStars
https://archive.org/details/DJAKIMILAKUKEBANYAKANMICIN_201805
https://archive.org/details/tembangmalaysia
https://archive.org/details/TopLaguPopTerbaru
https://archive.org/details/DJREMIX_20180505
https://archive.org/details/Snowfield
https://archive.org/details/SitiBadriahLagiSyantikMusikan
https://archive.org/details/EmCuaAnhDungCuaAiLongCaoLosslessFLAC
https://archive.org/details/DjRemixRemixAkimilakuPalingMantab
https://archive.org/details/NepaliPopularSongswww.theworldnepal.blogspot.com
https://archive.org/details/DjSantaiEnak
