2018feb13ImrcRoom109R22018mar30n3
Elliot2018mar29
dreaming_in_a_frozen_moment
2018feb13ImrcV2
2018feb12FieldrecN9
presentation-nmd430-2018feb12
2018feb09V12FieldrecordingrecordedEditedAndExportedOn2018feb09InTheLobbyOfIMRCbe
2018jan24a25MusicSample
2017nov30R22017dec01n8
IndustrySapphireIndustryFuturamerlinID10457
2017nov30n25
2017nov18n2
2017nov08Session22017nov09n37
2017oct26n13
2017oct12n2
2017oct18-FilmSound
2017oct18n2
2017sept26n6
worldpeacehaven_gmail_Epic
MashupPourDrunkNeedingAudio
MashupPourDrunkNeeding
SunsetOverTheCityFuturamerlinDubstepRemix
UnwrittenTechnoRemixAudio
SomeoneSpecialAudio
UnwrittenTechnoRemix
ePubManualGentooLinuxAMD64InstallationCompiledGentooCompiledByFuturamerlin
SomeoneSpecial
source_201612
Rotmg2015feb05
McScuse_me__Beats
AppleLosslessElectricDreamDemo2015Feb26
release_201603
DankFantasia
PresentationShorterTake2
Nmd102Paper2017may11
DSCN0056_201801
2017sept27_201709
2017sept27n3
JakeGebhartAudioBip
ColorCorrectionBlackmagicPocketCinemaCamera1201507300015C0020
MusicVideo_201803
Pong-finished-2016sept30
Attack.of.the.Killer.Refrigerator.1990.VHSRip.DivX-HeYWooD.avi
worldpeacehaven_gmail_I13
2015-feb-04
Screenshot2016.11.2419.14.55
Screenshot2016.10.3014.53.38Edit2016oct30Exported2016oct30
screenshot2016mar12
Screenshot2017.10.1817.08.04
2015feb13ff
2017mar27Arduino
Liquid-2016-03-14-12-13-47-N-2d303430300a-c5a90ee0-4738-4ce8-b784-544d726c5cae
ScreenShot20151208At01.18.33.23500.0500
MovieOn2017.09.27At16.46.53.75200.0400
ee47a840-3db0-47ae-a3a0-649eac5bc33f-2016.01.11.21.44.11.N.-0500
untitled_20171004_2225
IMG1966_20171027
ScreenShot20160524At02.10.25.09000.0400
4d351cdd-fe54-47d2-99c8-da58f3c7d2ce-2016.01.12.02.41.36.N.-0500
ddtank2-n2-saved-2015feb19a20
Screenshot2016.07.0620.48.34
ScreenShot20151130At01.16.55.29300.0500
GeorgeBergerFlashFiction2016Dec18
ScreenShot20150104At23.49.15.27600.0500
Screenshot2016.07.0814.12.31
Screenshot2016.11.1812.15.07
WallaceELab92017apr03
LetsTryToPlayPerfectWorldInternational
Screenshot2017.05.2600.00.29
ss2016may08
sketch_feb27a
Liquid-1ea93fc8-e73c-48e8-881d-6dc2034b3c00-2016-03-14-10-26-51-N-2d303430300a
ArduinoTutorialSurveyResponses
2016sept16_201610
Screenshot2016.10.3014.19.18
clementine-issue-18nov2013-a.mn.
Screenshot2016.11.2422.33.50
Screenshot2017.01.3118.58.05
Screenshot2017.05.1316.15.59
Screenshot2017.04.0902.00.01
01EinWanderer
2015jan08ddt
2016mar10a11
2017apr03a04n12Flapcity
2017apr03a04n17FlapcityData
2017apr17n2MaxAfterLab
2017mar20
2017may04.app
2018apr09n6CopyN7ScreenCostWithAudio
2018apr09n6ScreenCostWithAudio
2018feb12Elliot
AdjunctBMPCC1201611141958C0001
AncientSeasan7cnxilqeY
Archive_201804
ATripIntoDeepBassMusic
chibi_patche_by_jakly-d3fer12
copied-2017oct27
dbexe2v21
disk1s2-as-of-2014.nov.06
dpkg_-l___grep_python.2015dec16.out
DSCN3602
ElectricSouldanceuntiltheendDJKBm2k1lB7YUBFLFc
Elliot2017nov08
files_20141217
GothAndrewDeLeonAmazesTheJudgesWithHisVoice-u7dPlCzUG44
GrooveMotionKZqMNmEM9dI
IMG1923_201709
IMG1935
IMG1950
IMG1966_201710
IMG1968_201710
IMG1976_201710
IMG2158_201804
input-compressed-2015mar28a29
lienu-virginia-compressed-2015apr17
Milestones_201502
mojikyourls-2015jan02
mrif-fixed-2015dec13n2
mythicrealisminfantasy.2015dec13
NietzscheOnTruthAndLying
Panel2WebComica02..afi2016dec12a13
PartyTine
PartyTineLorenElliott
Piano-mystery-heard-in-penobscot-lounge-and-notated-15Sept2014-bounced-15Sept201
pokemon-scan-1-2015apr28
ProtestantEthicAndTheSpiritOfCapitalismExcerpts
ScreenShot20151009At23.22.03.45700.0400
ScreenShot20151201At23.27.23.52000.0500
Screenshot2016.08.2221.49.071
Screenshot2016.08.2221.54.281
Screenshot2016.08.2222.00.53
Screenshot2016.12.0415.34.04
screenshot2016mar12n2
Screenshot2017.03.3013.54.39
Screenshot2017.04.1122.26.27
Screenshot2017.05.0814.35.18
Screenshot2017.05.1121.11.24
Screenshot2017.05.1523.24.00
Screenshot2017.05.3014.57.47
Screenshot2017.06.1420.25.26
Screenshot2017.06.2816.47.48
sun-rays-511029
TripleWhammySnakePitRotMGpartialnoaudioT6wbBAPXq1A
UntitledProjoe9ugectFolder
virtualbox_201501
WallaceELab2017apr10
WallaceELab2017Apr17
walls20150113
worldpeacehaven_gmail_Kyan
xchat-saved-2015mar26
Liquid-20180407175212N_2d303430300a5cfce3c072574794b762eabc7265e02b
2018apr28
TheSpiritTruthfuturamerlinId5105
InfiniteUniverseElectricDreamRedux
MusicsamplerFuturamerlinId10483
2018may26n5
2016-12-14-13-26-36-557364077-2d303530300a-168578bf-0f26-4090-a7d7-a392b169f070
pictures-2018sept13

00001DlUMkUFTWc.info
128futuramerlinId5013
2018may11a12
25.12.2010futuramerlinId5011_219
AElTantamusFuturamerlinID5194
AQUAFuturamerlinID5196
AnaskiminNewsletter26Feb12
ApoplecticFuturamerlinID5220
Arcmaj3ClientDevtestingDataAsOf19November2013
BabeldiaryblogspotcomWarcBegun9Oct2013.warc
BabelstoneblogspotcomWarcBegun8Oct2013.warc
BabelstonehBegun11Oct2013.warc
BestWorksfuturamerlinId5009
BestWorksfuturamerlinId5107
BestWorksfuturamerlinId5109
CCpack1
CCpart1
CHORALECONCERT111613.ripped17jan2014
CelestialSpiritsFuturamerlinID5204
Colorblind30January2014
Cos226-test-environment-packaged-14Sept2014-torrentized-14Sept2014sameday
Dce3.01a
Dce3.0aSpecification
Durian15August2014
EPICULTIMATEFuturamerlinID3216
ErrorFuturamerlinID5195
FlautrockfuturamerlinId5016
Fm08oct2013Begunamnwarc
ForAPeacefulWorldFuturamerlinID5201
FullMoonfuturamerlinId5003
GrooveMotionfuturamerlinId5012
HmillerPrismnetWarcBegun9Oct2013.warc
IDENTITY-CRISISFuturamerlinID5198
InfiniteUniverseFuturamerlinID5200
InnersongBegun8Oct2013.warc
ItfaenfuturamerlinId5104
Iw08oct2013Begunamnwarc
KalashnikovFuturamerlinID5203
KrokaPromoUnofficialDVD
LaterfuturamerlinId5006
LaterremixfuturamerlinId5007
Libdce2.31AndEarlier
Libdce2.4
MindanaoMixClubNewLogo2014
MitiSSoundCloudStreamSnapshot3April2014
ProductionDataAsOf2November2013.7z
RtmArchiveCompressed8Nov2013.7z
ScreenShot20140507At18.01.30.502
ScreenShot20150728At23.03.04.58200.0400
ScreenShot20150729At23.00.27.10600.0400
SequencefuturamerlinId5108
SoarToEternityInTheEmbraceOfKindnessFuturamerlinID5202
SpiritTruthSuperCollectionfuturamerlinId5106
SumQuiaEstisfuturamerlinId5010
SylvanFantasyRe-releasefuturamerlinId5002
SylvanFantasyfuturamerlinId5000
SylvanFantasyfuturamerlinId5001
SyncopatedMotionEpfuturamerlinId5014
SyncopatedMotionfuturamerlinId5015
TaitoEpfuturamerlinId5103
TaitofuturamerlinId5102
TherainfallsfuturamerlinId5169
TlaanTelLTllTelTlaanLnFuturamerlinID5199
UntilFuturamerlinID5222
UntilFuturamerlinID5223
WREATHE5FLASHDRIVE
WhereIsTheAncientSilencefuturamerlinId5008
Wiki-Www.frathwiki.com
Wreathe4
Wreathe4Blossom
Wreathe5
Wreathe5Mini
Wreathe5small1
Wreathe6
Wreathe7r2
WreatheBackgroundid973
WreatheBackgroundidDscn0017-crop-22august2012
WritingCompressed2015july30a31
WtffuturamerlinId5005
cw-sc-4may2014a.mn.
futuramerlin.archival.data.24nov2013
futuramerlinId5004
googlesites_markpuglisimdihsArchiveBegun8Oct2013.warc
mail.google.com-saved-1Oct2014
photos15july2014
ps.27jany2014
pt2-scanned-13Sept2014-edited-14Sept2014
tSoniq.7z
theinvalid-snapshot-14may2014
wiki-frathwikicom
wiki-ilienwikiacom
wiki-ilienwikiacom-20130721-complete
2016sept16
BlowKBm2kReconstruction
Capture2016oct21
Packed2014.11.03.06.40.11.f.0500C4ac2bd45cd24dd3ad330e8796c71261
Screenshot2017.04.2219.25.02
Screenshot2017.04.2219.49.37
WebbComica.
2018sept18GirlinthetowerV3
C3-20181006071605846720455U2d303430300a09eba8e488fb4b77a8fa4b3675a0a3e8
UntilR2V232017june27447p
UntilR2V232017june27830p
UntilR2V232017may20935p
UntilR2V232017may14928p
UntilR2V192017april1n3
UntilR2V232017may191032p
UntilR2V232017may161007p
Liquid-2017-06-27-20-35-23-N-2d303430300a-9945cd2d-f622-4ef8-a444-68706d5d7830
UntilR2V152016october6Bounced2016october6
AllOfOurDreams
C3-20181010014849637027751U2d303430300a5234fa44603f49349145038cbd64f458
2018oct18Dreamingmac.app
2018oct14n2Built
ProjectTemplate2018oct11
winter-night-gloria
o-come-o-come-emmanuel
sacred-choral-demos
Act1.1PreludeAndDance21May2017803p
code-urls-2015may03
2019mar26Elliot
GrooveMotion2019April2909a
2019Apr09-Unity3DGameDemo
2019apr8a9n7
C3-20190409230017NU2d303430300a101f95e23e094cf89bb36c5a0cb13c02
GrooveMotionBagpipeDemo2019April24847a
poster-11x17_for_print.svg.tiff
2019apr8a9n7
Elli2019apr30Imrc105Presentation
