20200427211745073951036U2d303430300a library
20200428115847140584865U2d303430300a /library/.zfs/snapshot/rubberfs-20190710165824374335377U2d303430300ae97e58c08bbc472da5bd05f6c55adeb8
20200429040006718054990U2d303430300a /library/.zfs/snapshot/rubberfs-20190711062154853922375U2d303430300a5b9005895b8f41778f8ac3e1e888fa49
20200429155350035274298U2d303430300a /library/.zfs/snapshot/rubberfs-20200124013827372295715U2d303530300ab8d5e9d71c4e429ba4cae9bee1651f00
20200430033931791315613U2d303430300a /library/.zfs/snapshot/rubberfs-20200414003827096677119U2d303430300a295df7559aff4c368886231bf0992b77
20200430154756344852289U2d303430300a /library/.zfs/snapshot/rubberfs-delta-20190710165829166103716U2d303430300a743035a66d204d2a96c7f23e3011edfc
20200502182903565475061U2d303430300a Dreaming computer game (as of 2019); Perfilieff-alike
20200523090502762617461U2d303430300a srpulled from /library personal repository (all pointers, but not streams not otherwise referenced)
20200527210934407712141U2d303430300a srpulled from /library wreathe-packages repo (all pointers, but not streams not otherwise referenced)
20200606062259228575519U2d303430300a disk2s1 (Seagate) Archives copy
20200613220211179963941U2d303430300a folder from "Untitled" (SanDisk red and black 32GB flash drive) of music I'd copied for listening to at work. I accidentally started copying it to the home folder by misclicking with a trackpad using Dolphin (I find trackpads really hard to use...) and then cancelled when noticed what happened, which is why it is split.
20200613222158922847002U2d303430300a "Copied 2019aug8" folder from "Untitled", of music I'd copied for listening to at work.
20200621183116810212863U2d303430300a Library version from My Book Essentials, 2014
20200621190135066403260U2d303430300a Things from "OldMac-backup-6January2014" from My Book Essentials (~2010 mostly)
20200623061901482391780U2d303430300a Selected things from My Book Essentials (~2010–2014 mostly): excluding "bit", "Projects", and "Media". Second scan 20200623210424701156772U2d303430300a
20200627050156744069115U2d303430300a[1113efb2de53c87b38b1d4c9033078c09960ecbe8a7407da34a204fe1a4bc9b4]: Selected things from "Media" folder from My Book Essentials (~2010–2014 mostly) rescan 20200627200721380442755U2d303430300a[8029a43a603d0920336b8986d9b91440bb7252cfa0cb10072fdb1f3875a10ec5]
20200627213414813997809U2d303430300a[b10ab07291a48c72f43f0b7a5dc4f8a4888222717b20cd0ff59c18cba5cbe207] rescan 20200627234939210894981U2d303430300a[8d48728d6592d6acd499d28a37c7e6a5247c1ca933a9676135e546009a74a0b9]: Nikon S3700 SD card 2020m6d27
20200628093857412592447U2d303430300a[96f36ded56c737283a0be8ebbc2e27fcc26dee20f29cc815feec51cda27cabcd] rescan 20200629054738073876258U2d303430300a[e43871115aa6626c0055d4ae119650442d6dfac1e55e883a2ebcfb187c646b18]: BackInTime ("bit" folder) snapshots of Wreathe from 2013–2014
20200630035946070300391U2d303430300a[801a33b3814452d7a52add316de503ca367f0bfddac6fddd4f77f7a655e6eb91]: Subset of Projects folder from My Book Essentials
20200705101141241796686U2d303430300a[86ff113e6b5a65bc25ac86871913534c35a52c2e8d3587bf3bd8693da9fdc60f]: EmberLibraryReference (using files cache)

