+(0) /usr/bin/ember_bash_setup:retryUntilSuccess:360:local 'numberRegex=^[0-9]+$'
+(0) /usr/bin/ember_bash_setup:retryUntilSuccess:361:local maximumRetries=-1
+(0) /usr/bin/ember_bash_setup:retryUntilSuccess:362:[[ 10 =~ ^[0-9]+$ ]]
+(0) /usr/bin/ember_bash_setup:retryUntilSuccess:363:maximumRetries=10
+(0) /usr/bin/ember_bash_setup:retryUntilSuccess:364:shift
+(0) /usr/bin/ember_bash_setup:retryUntilSuccess:366:local maximumDelayTime=0
+(0) /usr/bin/ember_bash_setup:retryUntilSuccess:367:[[ 30 =~ ^[0-9]+$ ]]
+(0) /usr/bin/ember_bash_setup:retryUntilSuccess:368:maximumDelayTime=30
+(0) /usr/bin/ember_bash_setup:retryUntilSuccess:369:shift
+(0) /usr/bin/ember_bash_setup:retryUntilSuccess:371:local delayTimeBackoffIncrement=1
+(0) /usr/bin/ember_bash_setup:retryUntilSuccess:372:[[ 5 =~ ^[0-9]+$ ]]
+(0) /usr/bin/ember_bash_setup:retryUntilSuccess:373:delayTimeBackoffIncrement=5
+(0) /usr/bin/ember_bash_setup:retryUntilSuccess:374:shift
+(0) /usr/bin/ember_bash_setup:retryUntilSuccess:376:local retryDelayTime=0
+(0) /usr/bin/ember_bash_setup:retryUntilSuccess:377:[[ 5 =~ ^[0-9]+$ ]]
+(0) /usr/bin/ember_bash_setup:retryUntilSuccess:379:retryDelayTime=5
+(0) /usr/bin/ember_bash_setup:retryUntilSuccess:380:shift
+(0) /usr/bin/ember_bash_setup:retryUntilSuccess:382:local currentRetries=10
+(0) /usr/bin/ember_bash_setup:retryUntilSuccess:383:local postExecCheckSuccess=
+(0) /usr/bin/ember_bash_setup:retryUntilSuccess:391:[[ 10 -eq 0 ]]
+(1) /usr/bin/ember_bash_setup:retryUntilSuccess:392:wget -p --no-check-certificate --content-on-error -e robots=off '--user-agent=Mozilla/5.0 (X11; Linux x86_64; rv:52.0) Gecko/20100101 Firefox/52.0' --save-cookies=cookies.txt --load-cookies=cookies.txt --keep-session-cookies --warc-max-size=500M -E -k -K --warc-file=wget-20200802061048837502233U2d303430300ae330452c4d314dccb6a54ff05fa9848c --retry-on-host-error --retry-on-http-error=429,500,502,503,504 -H 'https://en.wikipedia.org/wiki/Special:Export?pages=Code_page_875%0D%0A&templates=1&history=1'
+(1) /usr/bin/ember_bash_setup_extra:wget:31:wgetOptionallyOfflineWrapper -p --no-check-certificate --content-on-error -e robots=off '--user-agent=Mozilla/5.0 (X11; Linux x86_64; rv:52.0) Gecko/20100101 Firefox/52.0' --save-cookies=cookies.txt --load-cookies=cookies.txt --keep-session-cookies --warc-max-size=500M -E -k -K --warc-file=wget-20200802061048837502233U2d303430300ae330452c4d314dccb6a54ff05fa9848c --retry-on-host-error --retry-on-http-error=429,500,502,503,504 -H 'https://en.wikipedia.org/wiki/Special:Export?pages=Code_page_875%0D%0A&templates=1&history=1'
+(1) /usr/bin/ember_bash_setup_extra:wgetOptionallyOfflineWrapper:17:[[ -z '' ]]
+(0) /usr/bin/ember_bash_setup_extra:wgetOptionallyOfflineWrapper:18:command wget -p --no-check-certificate --content-on-error -e robots=off '--user-agent=Mozilla/5.0 (X11; Linux x86_64; rv:52.0) Gecko/20100101 Firefox/52.0' --save-cookies=cookies.txt --load-cookies=cookies.txt --keep-session-cookies --warc-max-size=500M -E -k -K --warc-file=wget-20200802061048837502233U2d303430300ae330452c4d314dccb6a54ff05fa9848c --retry-on-host-error --retry-on-http-error=429,500,502,503,504 -H 'https://en.wikipedia.org/wiki/Special:Export?pages=Code_page_875%0D%0A&templates=1&history=1'
+(0) /usr/bin/ember_bash_setup_extra:wgetOptionallyOfflineWrapper:18:wget -p --no-check-certificate --content-on-error -e robots=off '--user-agent=Mozilla/5.0 (X11; Linux x86_64; rv:52.0) Gecko/20100101 Firefox/52.0' --save-cookies=cookies.txt --load-cookies=cookies.txt --keep-session-cookies --warc-max-size=500M -E -k -K --warc-file=wget-20200802061048837502233U2d303430300ae330452c4d314dccb6a54ff05fa9848c --retry-on-host-error --retry-on-http-error=429,500,502,503,504 -H 'https://en.wikipedia.org/wiki/Special:Export?pages=Code_page_875%0D%0A&templates=1&history=1'
Opening WARC file ‘wget-20200802061048837502233U2d303430300ae330452c4d314dccb6a54ff05fa9848c-00000.warc.gz’.

Cannot open cookies file ‘cookies.txt’: No such file or directory
--2020-08-02 02:10:48--  https://en.wikipedia.org/wiki/Special:Export?pages=Code_page_875%0D%0A&templates=1&history=1
Resolving en.wikipedia.org (en.wikipedia.org)... 208.80.154.224, 2620:0:861:ed1a::1
Connecting to en.wikipedia.org (en.wikipedia.org)|208.80.154.224|:443... connected.
HTTP request sent, awaiting response... 200 OK
Length: unspecified [application/xml]
Saving to: ‘en.wikipedia.org/wiki/Special:Export?pages=Code_page_875%0D%0A&templates=1&history=1’

     0K .......... .......... .......... .......... ..........  297K
    50K ....